<?xml version="1.0" encoding="UTF-8"?>
<testsuite name="org.hyperskill.tests.stopwatch.Stage5UnitTest" tests="8" skipped="0" failures="0" errors="0" timestamp="2026-04-25T18:58:19" hostname="themachine" time="5.455">
  <properties/>
  <testcase name="test01_CheckPermissionRequestedOnStart" classname="org.hyperskill.tests.stopwatch.Stage5UnitTest" time="3.99"/>
  <testcase name="test02_CheckCountdownTimerRunningOnPermissionGranted" classname="org.hyperskill.tests.stopwatch.Stage5UnitTest" time="0.152"/>
  <testcase name="test03_CheckCountdownTimerNotRunningOnPermissionDenied" classname="org.hyperskill.tests.stopwatch.Stage5UnitTest" time="0.143"/>
  <testcase name="test04_CheckNotificationIsNotSentBeforeTimeLimit" classname="org.hyperskill.tests.stopwatch.Stage5UnitTest" time="0.46"/>
  <testcase name="test05_CheckNotificationIsNotSentWithTimeLimitSetToZero" classname="org.hyperskill.tests.stopwatch.Stage5UnitTest" time="0.223"/>
  <testcase name="test06_CheckNotificationIsNotSentWithTimeLimitSetToNegative" classname="org.hyperskill.tests.stopwatch.Stage5UnitTest" time="0.167"/>
  <testcase name="test07_CheckNotificationIsNotSentClickingResetBeforeTimeExceeded" classname="org.hyperskill.tests.stopwatch.Stage5UnitTest" time="0.147"/>
  <testcase name="test08_CheckNotificationIsSentOnTimeLimitExceeded" classname="org.hyperskill.tests.stopwatch.Stage5UnitTest" time="0.172"/>
  <system-out><![CDATA[]]></system-out>
  <system-err><![CDATA[]]></system-err>
</testsuite>
