<?xml version="1.0" encoding="UTF-8"?>
<testsuite name="org.hyperskill.tests.stopwatch.Stage2UnitTest" tests="8" skipped="0" failures="0" errors="0" timestamp="2026-04-25T18:58:25" hostname="themachine" time="0.752">
  <properties/>
  <testcase name="checkDisplayOneMinuteInsteadOf60Seconds" classname="org.hyperskill.tests.stopwatch.Stage2UnitTest" time="0.126"/>
  <testcase name="checkCountOneSecondAfterOneSecondOnStartButtonClick" classname="org.hyperskill.tests.stopwatch.Stage2UnitTest" time="0.081"/>
  <testcase name="checkStopTimerAndResetCountOnResetButtonClick" classname="org.hyperskill.tests.stopwatch.Stage2UnitTest" time="0.072"/>
  <testcase name="checkTakeOneSecondToCountOneSecondOnStartButtonClick" classname="org.hyperskill.tests.stopwatch.Stage2UnitTest" time="0.077"/>
  <testcase name="checkContinueCountOnPressingStartButtonAgain" classname="org.hyperskill.tests.stopwatch.Stage2UnitTest" time="0.079"/>
  <testcase name="checkIgnorePressingResetButtonAgain" classname="org.hyperskill.tests.stopwatch.Stage2UnitTest" time="0.089"/>
  <testcase name="checkCheckTimerInitialValue" classname="org.hyperskill.tests.stopwatch.Stage2UnitTest" time="0.096"/>
  <testcase name="checkMinuteIsNotEarly" classname="org.hyperskill.tests.stopwatch.Stage2UnitTest" time="0.13"/>
  <system-out><![CDATA[]]></system-out>
  <system-err><![CDATA[]]></system-err>
</testsuite>
